<?xml version="1.0" encoding="UTF-8"?>
<!-- Generated by org.testng.reporters.JUnitReportReporter -->
<testsuite hostname="Tohirs-MacBook-Pro.local" failures="0" tests="3" name="com.Exelenter.class01._03_TestNGDemo3" time="0.001" errors="0" timestamp="2023-02-08T20:35:16 MSK" skipped="1">
  <testcase classname="com.Exelenter.class01._03_TestNGDemo3" name="test2" time="0.000"/>
  <system-out/>
  <testcase classname="com.Exelenter.class01._03_TestNGDemo3" name="test3" time="0.001"/>
  <system-out/>
  <testcase classname="com.Exelenter.class01._03_TestNGDemo3" name="test1">
    <skipped/>
  </testcase> <!-- test1 -->
  <system-out/>
</testsuite> <!-- com.Exelenter.class01._03_TestNGDemo3 -->
