<?xml version="1.0" encoding="UTF-8"?>
<!-- Generated by org.testng.reporters.JUnitReportReporter -->
<testsuite hostname="Tohirs-MacBook-Pro.local" failures="0" tests="1" name="com.Exelenter.class03._00_Assert_HW" time="0.047" errors="0" timestamp="2023-02-08T20:52:23 MSK" skipped="0">
  <testcase classname="com.Exelenter.class03._00_Assert_HW" name="hardAssert" time="0.047"/>
  <system-out/>
</testsuite> <!-- com.Exelenter.class03._00_Assert_HW -->
